<?xml version="1.0" encoding="UTF-8"?>
<!-- Generated by org.testng.reporters.JUnitXMLReporter -->
<testsuite ignored="0" hostname="users-MacBook-Pro.local" failures="1" tests="3" name="Error Validation Test" time="31.605" errors="0" timestamp="2023-04-03T17:37:20 WAT">
  <testcase classname="greenmouse.tests.ErrorValidationsTest" name="LoginErrorValidation" time="0.762">
    <skipped/>
  </testcase> <!-- LoginErrorValidation -->
  <testcase classname="greenmouse.tests.ErrorValidationsTest" name="LoginErrorValidation" time="1.77">
    <failure type="java.lang.AssertionError" message="expected [Incorrect email or password.] but found [Incorrect email  password.]">
      <![CDATA[java.lang.AssertionError: expected [Incorrect email or password.] but found [Incorrect email  password.]
at greenmouse.tests.ErrorValidationsTest.LoginErrorValidation(ErrorValidationsTest.java:22)
at java.base/java.util.ArrayList.forEach(ArrayList.java:1511)
at java.base/java.util.concurrent.FutureTask.run(FutureTask.java:317)
at java.base/java.util.concurrent.ThreadPoolExecutor.runWorker(ThreadPoolExecutor.java:1144)
at java.base/java.util.concurrent.ThreadPoolExecutor$Worker.run(ThreadPoolExecutor.java:642)
at java.base/java.lang.Thread.run(Thread.java:1589)
... Removed 21 stack frames]]>
    </failure>
  </testcase> <!-- LoginErrorValidation -->
  <testcase classname="greenmouse.tests.ErrorValidationsTest" name="ProductErrorValidation" time="3.902"/>
</testsuite> <!-- Error Validation Test -->
